\BOOKMARK [0][-]{chapter.1}{第1章 文書を書き始める前に}{}% 1
\BOOKMARK [1][-]{section.1.1}{1.1 インストール}{chapter.1}% 2
\BOOKMARK [1][-]{section.1.2}{1.2 使ってみよう}{chapter.1}% 3
\BOOKMARK [1][-]{section.1.3}{1.3 ファイルの保存}{chapter.1}% 4
\BOOKMARK [0][-]{chapter.2}{第2章 文書の書き方}{}% 5
\BOOKMARK [1][-]{section.2.1}{2.1 基礎知識}{chapter.2}% 6
\BOOKMARK [1][-]{section.2.2}{2.2 改行と半角スペースについて}{chapter.2}% 7
\BOOKMARK [1][-]{section.2.3}{2.3 コマンドについて}{chapter.2}% 8
\BOOKMARK [1][-]{section.2.4}{2.4 文書の構造}{chapter.2}% 9
\BOOKMARK [2][-]{subsection.2.4.1}{2.4.1 タイトル}{section.2.4}% 10
\BOOKMARK [2][-]{subsection.2.4.2}{2.4.2 本文の構造}{section.2.4}% 11
\BOOKMARK [1][-]{section.2.5}{2.5 文字サイズ}{chapter.2}% 12
\BOOKMARK [1][-]{section.2.6}{2.6 フォント}{chapter.2}% 13
\BOOKMARK [1][-]{section.2.7}{2.7 文字について}{chapter.2}% 14
\BOOKMARK [2][-]{subsection.2.7.1}{2.7.1 そのまま出力されない記号}{section.2.7}% 15
\BOOKMARK [2][-]{subsection.2.7.2}{2.7.2 そのまま出力する方法}{section.2.7}% 16
\BOOKMARK [2][-]{subsection.2.7.3}{2.7.3 特殊文字}{section.2.7}% 17
\BOOKMARK [1][-]{section.2.8}{2.8 コメント}{chapter.2}% 18
\BOOKMARK [1][-]{section.2.9}{2.9 脚注・欄外への書き込み}{chapter.2}% 19
\BOOKMARK [1][-]{section.2.10}{2.10 長さの単位}{chapter.2}% 20
\BOOKMARK [1][-]{section.2.11}{2.11 空白などの調整}{chapter.2}% 21
\BOOKMARK [1][-]{section.2.12}{2.12 罫線と枠}{chapter.2}% 22
\BOOKMARK [1][-]{section.2.13}{2.13 ルビ}{chapter.2}% 23
\BOOKMARK [1][-]{section.2.14}{2.14 圏点}{chapter.2}% 24
\BOOKMARK [0][-]{chapter.3}{第3章 環境}{}% 25
\BOOKMARK [1][-]{section.3.1}{3.1 環境}{chapter.3}% 26
\BOOKMARK [1][-]{section.3.2}{3.2 quote環境と文字寄せ}{chapter.3}% 27
\BOOKMARK [1][-]{section.3.3}{3.3 箇条書き}{chapter.3}% 28
\BOOKMARK [2][-]{subsection.3.3.1}{3.3.1 itemize環境}{section.3.3}% 29
\BOOKMARK [2][-]{subsection.3.3.2}{3.3.2 enumerate環境}{section.3.3}% 30
\BOOKMARK [0][-]{chapter.4}{第4章 数式}{}% 31
\BOOKMARK [1][-]{section.4.1}{4.1 数式の基礎}{chapter.4}% 32
\BOOKMARK [1][-]{section.4.2}{4.2 上付き文字と下付き文字}{chapter.4}% 33
\BOOKMARK [1][-]{section.4.3}{4.3 演算記号}{chapter.4}% 34
\BOOKMARK [1][-]{section.4.4}{4.4 分数}{chapter.4}% 35
\BOOKMARK [1][-]{section.4.5}{4.5 平方根}{chapter.4}% 36
\BOOKMARK [1][-]{section.4.6}{4.6 括弧}{chapter.4}% 37
\BOOKMARK [1][-]{section.4.7}{4.7 ギリシャ文字}{chapter.4}% 38
\BOOKMARK [1][-]{section.4.8}{4.8 矢印}{chapter.4}% 39
\BOOKMARK [1][-]{section.4.9}{4.9 式の上下に付けるもの}{chapter.4}% 40
\BOOKMARK [1][-]{section.4.10}{4.10 数式の書体とフォント}{chapter.4}% 41
\BOOKMARK [1][-]{section.4.11}{4.11 数学関数}{chapter.4}% 42
\BOOKMARK [1][-]{section.4.12}{4.12 数式番号と参照}{chapter.4}% 43
\BOOKMARK [1][-]{section.4.13}{4.13 数式の頭揃え}{chapter.4}% 44
\BOOKMARK [1][-]{section.4.14}{4.14 場合分け}{chapter.4}% 45
\BOOKMARK [1][-]{section.4.15}{4.15 行列}{chapter.4}% 46
\BOOKMARK [1][-]{section.4.16}{4.16 数式の左詰め}{chapter.4}% 47
\BOOKMARK [0][-]{chapter.5}{第5章 図と色}{}% 48
\BOOKMARK [1][-]{section.5.1}{5.1 図}{chapter.5}% 49
\BOOKMARK [2][-]{subsection.5.1.1}{5.1.1 図の挿入}{section.5.1}% 50
\BOOKMARK [2][-]{subsection.5.1.2}{5.1.2 図の自動配置}{section.5.1}% 51
\BOOKMARK [2][-]{subsection.5.1.3}{5.1.3 図を左右に配置する}{section.5.1}% 52
\BOOKMARK [1][-]{section.5.2}{5.2 図の回り込み配置}{chapter.5}% 53
\BOOKMARK [1][-]{section.5.3}{5.3 色}{chapter.5}% 54
\BOOKMARK [0][-]{chapter.6}{第6章 表}{}% 55
\BOOKMARK [1][-]{section.6.1}{6.1 表の書き方}{chapter.6}% 56
\BOOKMARK [1][-]{section.6.2}{6.2 罫線}{chapter.6}% 57
\BOOKMARK [1][-]{section.6.3}{6.3 表のレイアウト}{chapter.6}% 58
\BOOKMARK [1][-]{section.6.4}{6.4 左右のセルをまとめる}{chapter.6}% 59
\BOOKMARK [1][-]{section.6.5}{6.5 上下のセルをまとめる}{chapter.6}% 60
\BOOKMARK [1][-]{section.6.6}{6.6 横幅を指定する}{chapter.6}% 61
\BOOKMARK [1][-]{section.6.7}{6.7 セルの色を変える}{chapter.6}% 62
\BOOKMARK [1][-]{section.6.8}{6.8 ページまたぎのできる表}{chapter.6}% 63
\BOOKMARK [1][-]{section.6.9}{6.9 表に図を挿入する}{chapter.6}% 64
\BOOKMARK [1][-]{section.6.10}{6.10 表の配置}{chapter.6}% 65
\BOOKMARK [0][-]{chapter.7}{第7章 相互参照・目次・リンク}{}% 66
\BOOKMARK [1][-]{section.7.1}{7.1 相互参照}{chapter.7}% 67
\BOOKMARK [1][-]{section.7.2}{7.2 目次}{chapter.7}% 68
\BOOKMARK [1][-]{section.7.3}{7.3 リンク}{chapter.7}% 69
\BOOKMARK [2][-]{subsection.7.3.1}{7.3.1 PDF内リンク}{section.7.3}% 70
\BOOKMARK [2][-]{subsection.7.3.2}{7.3.2 WEBページへのリンク}{section.7.3}% 71
\BOOKMARK [2][-]{subsection.7.3.3}{7.3.3 その他}{section.7.3}% 72
\BOOKMARK [2][-]{subsection.7.3.4}{7.3.4 hyperrefのオプションとPDFの文書情報}{section.7.3}% 73
\BOOKMARK [0][-]{chapter.8}{第8章 ページレイアウトについて}{}% 74
\BOOKMARK [1][-]{section.8.1}{8.1 ドキュメントクラス}{chapter.8}% 75
\BOOKMARK [1][-]{section.8.2}{8.2 ドキュメントクラスのオプション}{chapter.8}% 76
\BOOKMARK [1][-]{section.8.3}{8.3 紙面上下の余白}{chapter.8}% 77
\BOOKMARK [1][-]{section.8.4}{8.4 インデント}{chapter.8}% 78
\BOOKMARK [1][-]{section.8.5}{8.5 行送り}{chapter.8}% 79
\BOOKMARK [1][-]{section.8.6}{8.6 字間}{chapter.8}% 80
\BOOKMARK [1][-]{section.8.7}{8.7 ヘッダーとフッター}{chapter.8}% 81
\BOOKMARK [2][-]{subsection.8.7.1}{8.7.1 TeX標準のヘッダーとフッター}{section.8.7}% 82
\BOOKMARK [2][-]{subsection.8.7.2}{8.7.2 fancyhdrを使う}{section.8.7}% 83
\BOOKMARK [1][-]{section.8.8}{8.8 横置き}{chapter.8}% 84
\BOOKMARK [2][-]{subsection.8.8.1}{8.8.1 PDF全体を横置きにする}{section.8.8}% 85
\BOOKMARK [2][-]{subsection.8.8.2}{8.8.2 PDFの一部だけ横置きにする}{section.8.8}% 86
\BOOKMARK [2][-]{subsection.8.8.3}{8.8.3 PDFの一部を紙ごと横置きにする}{section.8.8}% 87
\BOOKMARK [0][-]{chapter.9}{第9章 欧文フォントについて}{}% 88
\BOOKMARK [1][-]{section.9.1}{9.1 欧文フォントの5要素}{chapter.9}% 89
\BOOKMARK [2][-]{subsection.9.1.1}{9.1.1 エンコーディング}{section.9.1}% 90
\BOOKMARK [2][-]{subsection.9.1.2}{9.1.2 ファミリ（書体）}{section.9.1}% 91
\BOOKMARK [2][-]{subsection.9.1.3}{9.1.3 シリーズ}{section.9.1}% 92
\BOOKMARK [2][-]{subsection.9.1.4}{9.1.4 シェープ}{section.9.1}% 93
\BOOKMARK [2][-]{subsection.9.1.5}{9.1.5 サイズ}{section.9.1}% 94
\BOOKMARK [1][-]{section.9.2}{9.2 フォントの変更について}{chapter.9}% 95
\BOOKMARK [0][-]{chapter.10}{第10章 和文フォントについて}{}% 96
\BOOKMARK [1][-]{section.10.1}{10.1 和文フォントについて}{chapter.10}% 97
\BOOKMARK [1][-]{section.10.2}{10.2 書体の切り替え}{chapter.10}% 98
\BOOKMARK [1][-]{section.10.3}{10.3 和文フォントを変える}{chapter.10}% 99
\BOOKMARK [1][-]{section.10.4}{10.4 pxchfonパッケージを使う}{chapter.10}% 100
\BOOKMARK [2][-]{subsection.10.4.1}{10.4.1 基本的な使い方（単ウェイトの場合）}{section.10.4}% 101
\BOOKMARK [2][-]{subsection.10.4.2}{10.4.2 多ウェイトの場合}{section.10.4}% 102
\BOOKMARK [2][-]{subsection.10.4.3}{10.4.3 様々なオプション}{section.10.4}% 103
\BOOKMARK [2][-]{subsection.10.4.4}{10.4.4 注意点}{section.10.4}% 104
\BOOKMARK [1][-]{section.10.5}{10.5 色々なフォント}{chapter.10}% 105
\BOOKMARK [0][-]{chapter.11}{第11章 ファイルの分割と統合}{}% 106
\BOOKMARK [1][-]{section.11.1}{11.1 ディレクトリとパス}{chapter.11}% 107
\BOOKMARK [2][-]{subsection.11.1.1}{11.1.1 ディレクトリ}{section.11.1}% 108
\BOOKMARK [2][-]{subsection.11.1.2}{11.1.2 パス}{section.11.1}% 109
\BOOKMARK [1][-]{section.11.2}{11.2 TeX標準のコマンド}{chapter.11}% 110
\BOOKMARK [1][-]{section.11.3}{11.3 具体例}{chapter.11}% 111
\BOOKMARK [1][-]{section.11.4}{11.4 importパッケージの利用}{chapter.11}% 112
\BOOKMARK [1][-]{section.11.5}{11.5 分割したファイルを実行する}{chapter.11}% 113
\BOOKMARK [2][-]{subsection.11.5.1}{11.5.1 docmuteパッケージ}{section.11.5}% 114
\BOOKMARK [2][-]{subsection.11.5.2}{11.5.2 subfilesパッケージ}{section.11.5}% 115
\BOOKMARK [2][-]{subsection.11.5.3}{11.5.3 standaloneパッケージ}{section.11.5}% 116
\BOOKMARK [0][-]{chapter.12}{第12章 正しくきれいな文書の書き方}{}% 117
\BOOKMARK [1][-]{section.12.1}{12.1 出版物の常識}{chapter.12}% 118
\BOOKMARK [1][-]{section.12.2}{12.2 数式中の文字の字体}{chapter.12}% 119
\BOOKMARK [2][-]{subsection.12.2.1}{12.2.1 物理量}{section.12.2}% 120
\BOOKMARK [2][-]{subsection.12.2.2}{12.2.2 非物理量}{section.12.2}% 121
\BOOKMARK [1][-]{section.12.3}{12.3 単位}{chapter.12}% 122
\BOOKMARK [2][-]{subsection.12.3.1}{12.3.1 文字式の単位}{section.12.3}% 123
\BOOKMARK [2][-]{subsection.12.3.2}{12.3.2 数値につける単位}{section.12.3}% 124
\BOOKMARK [2][-]{subsection.12.3.3}{12.3.3 siunitxパッケージを使う}{section.12.3}% 125
\BOOKMARK [1][-]{section.12.4}{12.4 文章中の数式}{chapter.12}% 126
\BOOKMARK [0][-]{chapter.13}{第13章 各種パッケージの使い方について}{}% 127
\BOOKMARK [1][-]{section.13.1}{13.1 パッケージのインストールとファイルの置き場所}{chapter.13}% 128
\BOOKMARK [1][-]{section.13.2}{13.2 siunitx}{chapter.13}% 129
\BOOKMARK [2][-]{subsection.13.2.1}{13.2.1 単位自体について}{section.13.2}% 130
\BOOKMARK [2][-]{subsection.13.2.2}{13.2.2 単位の区切り}{section.13.2}% 131
\BOOKMARK [2][-]{subsection.13.2.3}{13.2.3 数値の演算}{section.13.2}% 132
\BOOKMARK [2][-]{subsection.13.2.4}{13.2.4 その他}{section.13.2}% 133
\BOOKMARK [1][-]{section.13.3}{13.3 文字を回す}{chapter.13}% 134
\BOOKMARK [0][-]{chapter.14}{第14章 その他の話題}{}% 135
