\BOOKMARK [0][-]{chapter.1}{第1章 文書の書き方}{}% 1
\BOOKMARK [1][-]{section.1.1}{1.1 基礎知識}{chapter.1}% 2
\BOOKMARK [1][-]{section.1.2}{1.2 改行と半角スペースについて}{chapter.1}% 3
\BOOKMARK [1][-]{section.1.3}{1.3 コマンドについて}{chapter.1}% 4
\BOOKMARK [1][-]{section.1.4}{1.4 文書の構造}{chapter.1}% 5
\BOOKMARK [2][-]{subsection.1.4.1}{1.4.1 タイトル}{section.1.4}% 6
\BOOKMARK [2][-]{subsection.1.4.2}{1.4.2 本文の構造}{section.1.4}% 7
\BOOKMARK [1][-]{section.1.5}{1.5 文字サイズ}{chapter.1}% 8
\BOOKMARK [1][-]{section.1.6}{1.6 フォント}{chapter.1}% 9
\BOOKMARK [1][-]{section.1.7}{1.7 文字について}{chapter.1}% 10
\BOOKMARK [2][-]{subsection.1.7.1}{1.7.1 そのまま出力されない記号}{section.1.7}% 11
\BOOKMARK [2][-]{subsection.1.7.2}{1.7.2 そのまま出力する方法}{section.1.7}% 12
\BOOKMARK [2][-]{subsection.1.7.3}{1.7.3 特殊文字}{section.1.7}% 13
\BOOKMARK [1][-]{section.1.8}{1.8 コメント}{chapter.1}% 14
\BOOKMARK [1][-]{section.1.9}{1.9 脚注・欄外への書き込み}{chapter.1}% 15
\BOOKMARK [1][-]{section.1.10}{1.10 長さの単位}{chapter.1}% 16
\BOOKMARK [1][-]{section.1.11}{1.11 空白などの調整}{chapter.1}% 17
\BOOKMARK [1][-]{section.1.12}{1.12 罫線と枠}{chapter.1}% 18
\BOOKMARK [1][-]{section.1.13}{1.13 ルビ}{chapter.1}% 19
\BOOKMARK [1][-]{section.1.14}{1.14 圏点}{chapter.1}% 20
